<?xml version="1.0" encoding="UTF-8"?>
<testng-results skipped="0" failed="0" total="1" passed="1">
  <reporter-output>
  </reporter-output>
  <suite name="Suite" duration-ms="197039" started-at="2020-07-22T11:44:59Z" finished-at="2020-07-22T11:48:16Z">
    <groups>
    </groups>
    <test name="Validating navigation Bar" duration-ms="197039" started-at="2020-07-22T11:44:59Z" finished-at="2020-07-22T11:48:16Z">
      <class name="Academy.validateNavigationBar">
        <test-method status="PASS" signature="initialize()[pri:0, instance:Academy.validateNavigationBar@5fbe4146]" name="initialize" is-config="true" duration-ms="151381" started-at="2020-07-22T17:14:59Z" finished-at="2020-07-22T17:17:30Z">
          <reporter-output>
          </reporter-output>
        </test-method> <!-- initialize -->
        <test-method status="PASS" signature="validateAppNavBar()[pri:0, instance:Academy.validateNavigationBar@5fbe4146]" name="validateAppNavBar" duration-ms="16601" started-at="2020-07-22T17:17:30Z" finished-at="2020-07-22T17:17:47Z">
          <reporter-output>
          </reporter-output>
        </test-method> <!-- validateAppNavBar -->
        <test-method status="PASS" signature="teardown()[pri:0, instance:Academy.validateNavigationBar@5fbe4146]" name="teardown" is-config="true" duration-ms="28612" started-at="2020-07-22T17:17:47Z" finished-at="2020-07-22T17:18:16Z">
          <reporter-output>
          </reporter-output>
        </test-method> <!-- teardown -->
      </class> <!-- Academy.validateNavigationBar -->
    </test> <!-- Validating navigation Bar -->
  </suite> <!-- Suite -->
</testng-results>
